# JRE version: OpenJDK Runtime Environment (22.0+36) (build 22+36-2370)
# Java VM: OpenJDK 64-Bit Server VM (22+36-2370, mixed mode, sharing, tiered, compressed oops, compressed class ptrs, g1 gc, windows-amd64)
GC Precious Log:
 CardTable entry size: 512
 Card Set container configuration: InlinePtr #cards 5 size 8 Array Of Cards #cards 12 size 40 Howl #buckets 4 coarsen threshold 1843 Howl Bitmap #cards 512 size 80 coarsen threshold 460 Card regions per heap region 1 cards per card region 2048
 CPUs: 2 total, 2 available
 Memory: 3261M
 Large Page Support: Disabled
 NUMA Support: Disabled
 Compressed Oops: Enabled (32-bit)
 Heap Region Size: 1M
 Heap Min Capacity: 8M
 Heap Initial Capacity: 52M
 Heap Max Capacity: 816M
 Pre-touch: Disabled
 Parallel Workers: 2
 Concurrent Workers: 1
 Concurrent Refinement Workers: 2
 Periodic GC: Disabled
Heap:
 garbage-first heap   total reserved 835584K, committed 53248K, used 31676K [0x00000000cd000000, 0x0000000100000000)
  region size 1024K, 27 young (27648K), 2 survivors (2048K)
 Metaspace       used 11558K, committed 11840K, reserved 1114112K
  class space    used 1509K, committed 1600K, reserved 1048576K
GC Heap History (6 events):
Event: 15.629 GC heap before
{Heap before GC invocations=0 (full 0):
 garbage-first heap   total reserved 835584K, committed 53248K, used 7168K [0x00000000cd000000, 0x0000000100000000)
  region size 1024K, 7 young (7168K), 0 survivors (0K)
 Metaspace       used 918K, committed 1024K, reserved 1114112K
  class space    used 72K, committed 128K, reserved 1048576K
}
Event: 15.667 GC heap after
{Heap after GC invocations=1 (full 0):
 garbage-first heap   total reserved 835584K, committed 53248K, used 5826K [0x00000000cd000000, 0x0000000100000000)
  region size 1024K, 1 young (1024K), 1 survivors (1024K)
 Metaspace       used 918K, committed 1024K, reserved 1114112K
  class space    used 72K, committed 128K, reserved 1048576K
}
Event: 17.905 GC heap before
{Heap before GC invocations=1 (full 0):
 garbage-first heap   total reserved 835584K, committed 53248K, used 9922K [0x00000000cd000000, 0x0000000100000000)
  region size 1024K, 5 young (5120K), 1 survivors (1024K)
 Metaspace       used 2267K, committed 2368K, reserved 1114112K
  class space    used 221K, committed 256K, reserved 1048576K
}
Event: 17.907 GC heap after
{Heap after GC invocations=2 (full 0):
 garbage-first heap   total reserved 835584K, committed 53248K, used 6425K [0x00000000cd000000, 0x0000000100000000)
  region size 1024K, 1 young (1024K), 1 survivors (1024K)
 Metaspace       used 2267K, committed 2368K, reserved 1114112K
  class space    used 221K, committed 256K, reserved 1048576K
}
Event: 18.586 GC heap before
{Heap before GC invocations=2 (full 0):
 garbage-first heap   total reserved 835584K, committed 53248K, used 16665K [0x00000000cd000000, 0x0000000100000000)
  region size 1024K, 11 young (11264K), 1 survivors (1024K)
 Metaspace       used 4835K, committed 4992K, reserved 1114112K
  class space    used 614K, committed 704K, reserved 1048576K
}
Event: 18.590 GC heap after
{Heap after GC invocations=3 (full 0):
 garbage-first heap   total reserved 835584K, committed 53248K, used 7100K [0x00000000cd000000, 0x0000000100000000)
  region size 1024K, 2 young (2048K), 2 survivors (2048K)
 Metaspace       used 4835K, committed 4992K, reserved 1114112K
  class space    used 614K, committed 704K, reserved 1048576K
}

